<?xml version="1.0" encoding="UTF-8"?>
<testng-results skipped="0" failed="0" total="3" passed="3">
  <reporter-output>
  </reporter-output>
  <suite name="Default suite" duration-ms="18309" started-at="2018-05-03T10:17:44Z" finished-at="2018-05-03T10:18:02Z">
    <groups>
    </groups>
    <test name="Default test" duration-ms="18309" started-at="2018-05-03T10:17:44Z" finished-at="2018-05-03T10:18:02Z">
      <class name="com.MavenProject.OnlineShopping.OpenBowser">
        <test-method status="PASS" signature="launchBrowser()[pri:1, instance:com.MavenProject.OnlineShopping.OpenBowser@27efef64]" name="launchBrowser" duration-ms="3274" started-at="2018-05-03T11:17:44Z" finished-at="2018-05-03T11:17:47Z">
          <reporter-output>
          </reporter-output>
        </test-method> <!-- launchBrowser -->
        <test-method status="PASS" signature="launchApplication()[pri:2, instance:com.MavenProject.OnlineShopping.OpenBowser@27efef64]" name="launchApplication" duration-ms="14366" started-at="2018-05-03T11:17:47Z" finished-at="2018-05-03T11:18:02Z">
          <reporter-output>
          </reporter-output>
        </test-method> <!-- launchApplication -->
        <test-method status="PASS" signature="closeBrowser()[pri:3, instance:com.MavenProject.OnlineShopping.OpenBowser@27efef64]" name="closeBrowser" duration-ms="648" started-at="2018-05-03T11:18:02Z" finished-at="2018-05-03T11:18:02Z">
          <reporter-output>
          </reporter-output>
        </test-method> <!-- closeBrowser -->
      </class> <!-- com.MavenProject.OnlineShopping.OpenBowser -->
    </test> <!-- Default test -->
  </suite> <!-- Default suite -->
</testng-results>
